<?xml version="1.0" encoding="UTF-8"?>
<!-- Generated by org.testng.reporters.JUnitXMLReporter -->
<testsuite ignored="1" hostname="DESKTOP-EIIBAHQ" failures="1" tests="3" name="SecuredLoan" time="0.295" errors="0" timestamp="2026-04-24T14:12:30 IST">
  <testcase classname="Bank.Homeloan" name="pL" time="0.032"/>
  <testcase classname="Bank.loanAgainstProperty" name="eligibilty" time="0.045">
    <failure type="java.lang.AssertionError" message="expected [false] but found [true]">
      <![CDATA[java.lang.AssertionError: expected [false] but found [true]
at Bank.loanAgainstProperty.eligibilty(loanAgainstProperty.java:13)
at java.base/java.util.ArrayList.forEach(ArrayList.java:1596)
at java.base/java.util.concurrent.FutureTask.run(FutureTask.java:317)
at java.base/java.util.concurrent.ThreadPoolExecutor.runWorker(ThreadPoolExecutor.java:1144)
at java.base/java.util.concurrent.ThreadPoolExecutor$Worker.run(ThreadPoolExecutor.java:642)
at java.base/java.lang.Thread.run(Thread.java:1583)
... Removed 19 stack frames]]>
    </failure>
  </testcase> <!-- eligibilty -->
  <testcase classname="Bank.loanAgainstProperty" name="plan" time="0.0">
    <skipped/>
  </testcase> <!-- plan -->
  <testcase classname="Bank.Homeloan" name="cl" time="0.0">
    <ignored/>
  </testcase> <!-- cl -->
</testsuite> <!-- SecuredLoan -->
