<?xml version="1.0" encoding="UTF-8"?>
<testng-results ignored="1" total="5" passed="2" failed="1" skipped="1">
  <reporter-output>
  </reporter-output>
  <suite started-at="2026-04-24T14:12:29 IST" name="Suite" finished-at="2026-04-24T14:12:30 IST" duration-ms="295">
    <groups>
    </groups>
    <test started-at="2026-04-24T14:12:29 IST" name="UnSecuredLoan" finished-at="2026-04-24T14:12:29 IST" duration-ms="183">
      <class name="Bank.PersonalLoan">
        <test-method signature="plan()[pri:0, instance:Bank.PersonalLoan@1573f9fc]" started-at="2026-04-24T14:12:29 IST" name="plan" finished-at="2026-04-24T14:12:29 IST" duration-ms="31" status="PASS">
          <reporter-output>
          </reporter-output>
        </test-method> <!-- plan -->
      </class> <!-- Bank.PersonalLoan -->
    </test> <!-- UnSecuredLoan -->
    <test started-at="2026-04-24T14:12:29 IST" name="SecuredLoan" finished-at="2026-04-24T14:12:30 IST" duration-ms="295">
      <class name="Bank.Homeloan">
        <test-method signature="pL()[pri:0, instance:Bank.Homeloan@36902638]" started-at="2026-04-24T14:12:29 IST" name="pL" finished-at="2026-04-24T14:12:29 IST" duration-ms="32" status="PASS">
          <reporter-output>
          </reporter-output>
        </test-method> <!-- pL -->
      </class> <!-- Bank.Homeloan -->
      <class name="Bank.loanAgainstProperty">
        <test-method signature="eligibilty(java.lang.String)[pri:0, instance:Bank.loanAgainstProperty@7f3b84b8]" started-at="2026-04-24T14:12:29 IST" name="eligibilty" finished-at="2026-04-24T14:12:30 IST" duration-ms="45" status="FAIL">
          <params>
            <param index="0">
              <value>
                <![CDATA[Shayan]]>
              </value>
            </param>
          </params>
          <exception class="java.lang.AssertionError">
            <message>
              <![CDATA[expected [false] but found [true]]]>
            </message>
            <full-stacktrace>
              <![CDATA[java.lang.AssertionError: expected [false] but found [true]
at org.testng.Assert.fail(Assert.java:111)
at org.testng.Assert.failNotEquals(Assert.java:1590)
at org.testng.Assert.assertFalse(Assert.java:79)
at org.testng.Assert.assertFalse(Assert.java:89)
at Bank.loanAgainstProperty.eligibilty(loanAgainstProperty.java:13)
at java.base/jdk.internal.reflect.DirectMethodHandleAccessor.invoke(DirectMethodHandleAccessor.java:103)
at java.base/java.lang.reflect.Method.invoke(Method.java:580)
at org.testng.internal.invokers.MethodInvocationHelper.invokeMethod(MethodInvocationHelper.java:141)
at org.testng.internal.invokers.TestInvoker.invokeMethod(TestInvoker.java:687)
at org.testng.internal.invokers.TestInvoker.invokeTestMethod(TestInvoker.java:230)
at org.testng.internal.invokers.MethodRunner.runInSequence(MethodRunner.java:63)
at org.testng.internal.invokers.TestInvoker$MethodInvocationAgent.invoke(TestInvoker.java:995)
at org.testng.internal.invokers.TestInvoker.invokeTestMethods(TestInvoker.java:203)
at org.testng.internal.invokers.TestMethodWorker.invokeTestMethods(TestMethodWorker.java:154)
at org.testng.internal.invokers.TestMethodWorker.run(TestMethodWorker.java:134)
at java.base/java.util.ArrayList.forEach(ArrayList.java:1596)
at org.testng.TestRunner.privateRun(TestRunner.java:741)
at org.testng.TestRunner.run(TestRunner.java:616)
at org.testng.SuiteRunner.runTest(SuiteRunner.java:421)
at org.testng.SuiteRunner$SuiteWorker.run(SuiteRunner.java:463)
at org.testng.internal.thread.ThreadUtil.lambda$execute$0(ThreadUtil.java:64)
at java.base/java.util.concurrent.FutureTask.run(FutureTask.java:317)
at java.base/java.util.concurrent.ThreadPoolExecutor.runWorker(ThreadPoolExecutor.java:1144)
at java.base/java.util.concurrent.ThreadPoolExecutor$Worker.run(ThreadPoolExecutor.java:642)
at java.base/java.lang.Thread.run(Thread.java:1583)
]]>
            </full-stacktrace>
          </exception> <!-- java.lang.AssertionError -->
          <reporter-output>
          </reporter-output>
        </test-method> <!-- eligibilty -->
        <test-method signature="plan()[pri:0, instance:Bank.loanAgainstProperty@7f3b84b8]" started-at="2026-04-24T14:12:30 IST" name="plan" finished-at="2026-04-24T14:12:30 IST" depends-on-methods="Bank.loanAgainstProperty.eligibilty" duration-ms="0" status="SKIP">
          <exception class="java.lang.Throwable">
            <message>
              <![CDATA[Method Bank.loanAgainstProperty.plan() on instance Bank.loanAgainstProperty@7f3b84b8 depends on not successfully finished methods 
[Bank.loanAgainstProperty.eligibilty() on instance Bank.loanAgainstProperty@7f3b84b8]]]>
            </message>
            <full-stacktrace>
              <![CDATA[java.lang.Throwable: Method Bank.loanAgainstProperty.plan() on instance Bank.loanAgainstProperty@7f3b84b8 depends on not successfully finished methods 
[Bank.loanAgainstProperty.eligibilty() on instance Bank.loanAgainstProperty@7f3b84b8]
at org.testng.internal.invokers.TestInvoker.invokeTestMethods(TestInvoker.java:159)
at org.testng.internal.invokers.TestMethodWorker.invokeTestMethods(TestMethodWorker.java:154)
at org.testng.internal.invokers.TestMethodWorker.run(TestMethodWorker.java:134)
at java.base/java.util.ArrayList.forEach(ArrayList.java:1596)
at org.testng.TestRunner.privateRun(TestRunner.java:741)
at org.testng.TestRunner.run(TestRunner.java:616)
at org.testng.SuiteRunner.runTest(SuiteRunner.java:421)
at org.testng.SuiteRunner$SuiteWorker.run(SuiteRunner.java:463)
at org.testng.internal.thread.ThreadUtil.lambda$execute$0(ThreadUtil.java:64)
at java.base/java.util.concurrent.FutureTask.run(FutureTask.java:317)
at java.base/java.util.concurrent.ThreadPoolExecutor.runWorker(ThreadPoolExecutor.java:1144)
at java.base/java.util.concurrent.ThreadPoolExecutor$Worker.run(ThreadPoolExecutor.java:642)
at java.base/java.lang.Thread.run(Thread.java:1583)
]]>
            </full-stacktrace>
          </exception> <!-- java.lang.Throwable -->
          <reporter-output>
          </reporter-output>
        </test-method> <!-- plan -->
      </class> <!-- Bank.loanAgainstProperty -->
    </test> <!-- SecuredLoan -->
  </suite> <!-- Suite -->
</testng-results>
